<?xml version="1.0" encoding="UTF-8"?>
<!-- Generated by org.testng.reporters.JUnitReportReporter -->
<testsuite hostname="KaranSonkars-MacBook-Pro.local" failures="0" tests="1" name="com.karan.orangehrm.tests.LoginLogoutTest" time="20.197" errors="0" timestamp="2022-10-15T22:24:48 IST" skipped="0">
  <testcase classname="com.karan.orangehrm.tests.LoginLogoutTest" name="f" time="20.197"/>
  <system-out/>
</testsuite> <!-- com.karan.orangehrm.tests.LoginLogoutTest -->
