<?xml version="1.0" encoding="UTF-8"?>
<!-- Generated by org.testng.reporters.JUnitReportReporter -->
<testsuite hostname="KaranSonkars-MacBook-Pro.local" failures="0" tests="1" name="com.karan.tests.HomePageTest" time="17.537" errors="0" timestamp="2022-10-08T18:31:40 IST" skipped="0">
  <testcase classname="com.karan.tests.HomePageTest" name="f" time="17.537"/>
  <system-out/>
</testsuite> <!-- com.karan.tests.HomePageTest -->
