<?xml version="1.0" encoding="UTF-8"?>
<!-- Generated by org.testng.reporters.JUnitReportReporter -->
<testsuite hostname="KaranSonkars-MacBook-Pro.local" failures="0" tests="1" name="com.karan.tests.FirstTest" time="16.647" errors="0" timestamp="2022-10-08T19:50:16 IST" skipped="0">
  <testcase classname="com.karan.tests.FirstTest" name="f" time="16.647"/>
  <system-out/>
</testsuite> <!-- com.karan.tests.FirstTest -->
