<?xml version="1.0" encoding="UTF-8"?>
<!-- Generated by org.testng.reporters.JUnitReportReporter -->
<testsuite hostname="KaranSonkars-MacBook-Pro.local" failures="0" tests="1" name="com.karan.tests.HomePageTest" time="11.682" errors="0" timestamp="2022-10-09T19:15:28 IST" skipped="0">
  <testcase classname="com.karan.tests.HomePageTest" name="f" time="11.682"/>
  <system-out/>
</testsuite> <!-- com.karan.tests.HomePageTest -->
